<<<<<<< HEAD
<<<<<<< HEAD
Base path: D:/Unity/2018.4.6f1/Editor/Data
=======
Base path: D:/Unity Editors/2018.4.6f1/Editor/Data
=======
Base path: C:/Program Files/Unity/Hub/Editor/2018.4.6f1/Editor/Data
Cmd: initializeCompiler
Cmd: initializeCompiler
Cmd: initializeCompiler
Cmd: initializeCompiler
Cmd: initializeCompiler
Cmd: initializeCompiler
Cmd: initializeCompiler
>>>>>>> 9765d3bd3e5461a05aa742dd3de1c97276845398
Cmd: initializeCompiler
Cmd: initializeCompiler
Cmd: initializeCompiler
Cmd: initializeCompiler
Cmd: initializeCompiler
Cmd: initializeCompiler
Cmd: initializeCompiler
Cmd: initializeCompiler
<<<<<<< HEAD
>>>>>>> 3b865db150ca1a4fcb7270b098345907022414b7
=======
>>>>>>> 9765d3bd3e5461a05aa742dd3de1c97276845398
Cmd: initializeCompiler
Cmd: initializeCompiler
